<?xml version="1.0" encoding="UTF-8"?>
<!-- Generated by org.testng.reporters.JUnitReportReporter -->
<testsuite hostname="DESKTOP-06RFFF0" failures="0" tests="3" name="com.webtest.demo.SearchTest" time="63.899" errors="0" timestamp="05 12月 2018 12:24:24 GMT" skipped="0">
  <testcase classname="com.webtest.demo.SearchTest" name="search3" time="24.882"/>
  <testcase classname="com.webtest.demo.SearchTest" name="search1" time="19.499"/>
  <testcase classname="com.webtest.demo.SearchTest" name="search2" time="19.518"/>
</testsuite> <!-- com.webtest.demo.SearchTest -->
