<?xml version="1.0" encoding="UTF-8"?>
<!-- Generated by org.testng.reporters.JUnitXMLReporter -->
<testsuite ignored="0" hostname="DESKTOP-06RFFF0" failures="0" tests="3" name="Default test" time="63.928" errors="0" timestamp="05 12月 2018 12:24:23 GMT">
  <testcase classname="com.webtest.demo.SearchTest" name="search1" time="16.203"/>
  <testcase classname="com.webtest.demo.SearchTest" name="search2" time="16.207"/>
  <testcase classname="com.webtest.demo.SearchTest" name="search3" time="16.061"/>
</testsuite> <!-- Default test -->
